<?xml version="1.0" encoding="UTF-8"?>
<!-- Generated by org.testng.reporters.JUnitReportReporter -->
<testsuite skipped="0" hostname="Parag-PC" name="SeleniumImportant.TestNGPriority" tests="5" failures="0" timestamp="17 Jul 2018 17:30:50 GMT" time="0.018" errors="0">
  <testcase name="One" time="0.009" classname="SeleniumImportant.TestNGPriority"/>
  <testcase name="Two" time="0.002" classname="SeleniumImportant.TestNGPriority"/>
  <testcase name="Three" time="0.004" classname="SeleniumImportant.TestNGPriority"/>
  <testcase name="Four" time="0.002" classname="SeleniumImportant.TestNGPriority"/>
  <testcase name="Five" time="0.001" classname="SeleniumImportant.TestNGPriority"/>
</testsuite> <!-- SeleniumImportant.TestNGPriority -->
