<?xml version="1.0" encoding="UTF-8"?>
<!-- Generated by org.testng.reporters.JUnitReportReporter -->
<testsuite skipped="0" hostname="Parag-PC" name="SeleniumImportant.Grouping" tests="3" failures="0" timestamp="26 Aug 2018 13:48:30 GMT" time="0.018" errors="0">
  <testcase name="Sedan1" time="0.001" classname="SeleniumImportant.Grouping"/>
  <testcase name="Car1" time="0.012" classname="SeleniumImportant.Grouping"/>
  <testcase name="Car2" time="0.005" classname="SeleniumImportant.Grouping"/>
</testsuite> <!-- SeleniumImportant.Grouping -->
