<?xml version="1.0" encoding="UTF-8"?>
<!-- Generated by org.testng.reporters.JUnitReportReporter -->
<testsuite skipped="0" hostname="Parag-PC" name="Singletonconcept.PageTest" tests="1" failures="0" timestamp="10 Jul 2018 19:00:47 GMT" time="39.150" errors="0">
  <testcase name="TestMethod" time="39.150" classname="Singletonconcept.PageTest"/>
</testsuite> <!-- Singletonconcept.PageTest -->
