<?xml version="1.0" encoding="UTF-8"?>
<!-- Generated by org.testng.reporters.JUnitReportReporter -->
<testsuite skipped="0" hostname="Parag-PC" name="SeleniumImportant.Annotation" tests="1" failures="0" timestamp="17 Jul 2018 17:41:26 GMT" time="0.006" errors="0">
  <testcase name="sequence5" time="0.006" classname="SeleniumImportant.Annotation"/>
</testsuite> <!-- SeleniumImportant.Annotation -->
